Build started 04-Nov-16 6:48:05 PM.
     1>Project "E:\My Studies\2nd Semester\Computer Programming\C++\After mid\Programming\MFCApplication7\MFCApplication7.vcxproj" on node 2 (Build target(s)).
     1>ClCompile:
         E:\Zeeshan Develop\VS13\VC\bin\CL.exe /c /ZI /nologo /W3 /WX- /sdl /Od /Oy- /D WIN32 /D _WINDOWS /D _DEBUG /D _UNICODE /D UNICODE /D _AFXDLL /Gm /EHsc /RTC1 /MDd /GS /fp:precise /Zc:wchar_t /Zc:forScope /Yc"stdafx.h" /Fp"Debug\MFCApplication7.pch" /Fo"Debug\\" /Fd"Debug\vc120.pdb" /Gd /TP /analyze- /errorReport:prompt stdafx.cpp
         stdafx.cpp
         E:\Zeeshan Develop\VS13\VC\bin\CL.exe /c /ZI /nologo /W3 /WX- /sdl /Od /Oy- /D WIN32 /D _WINDOWS /D _DEBUG /D _UNICODE /D UNICODE /D _AFXDLL /Gm /EHsc /RTC1 /MDd /GS /fp:precise /Zc:wchar_t /Zc:forScope /Yu"stdafx.h" /Fp"Debug\MFCApplication7.pch" /Fo"Debug\\" /Fd"Debug\vc120.pdb" /Gd /TP /analyze- /errorReport:prompt CalendarBar.cpp MainFrm.cpp MFCApplication7.cpp MFCApplication7Doc.cpp MFCApplication7View.cpp
         MFCApplication7View.cpp
         MFCApplication7Doc.cpp
         MFCApplication7.cpp
         MainFrm.cpp
         CalendarBar.cpp
         Generating Code...
       ResourceCompile:
         C:\Program Files (x86)\Windows Kits\8.1\bin\x86\rc.exe /D _DEBUG /D _UNICODE /D UNICODE /D _AFXDLL /l"0x0409" /IDebug\ /nologo /fo"Debug\MFCApplication7.res" MFCApplication7.rc 
       Link:
         E:\Zeeshan Develop\VS13\VC\bin\link.exe /ERRORREPORT:PROMPT /OUT:"E:\My Studies\2nd Semester\Computer Programming\C++\After mid\Programming\MFCApplication7\Debug\MFCApplication7.exe" /INCREMENTAL /NOLOGO /MANIFEST /MANIFESTUAC:"level='asInvoker' uiAccess='false'" /manifest:embed /manifestinput:"E:\Zeeshan Develop\VS13\VC\Include\Manifest\dpiaware.manifest" /DEBUG /PDB:"E:\My Studies\2nd Semester\Computer Programming\C++\After mid\Programming\MFCApplication7\Debug\MFCApplication7.pdb" /SUBSYSTEM:WINDOWS /TLBID:1 /ENTRY:"wWinMainCRTStartup" /DYNAMICBASE /NXCOMPAT /IMPLIB:"E:\My Studies\2nd Semester\Computer Programming\C++\After mid\Programming\MFCApplication7\Debug\MFCApplication7.lib" /MACHINE:X86 Debug\MFCApplication7.res
         Debug\CalendarBar.obj
         Debug\MainFrm.obj
         Debug\MFCApplication7.obj
         Debug\MFCApplication7Doc.obj
         Debug\MFCApplication7View.obj
         Debug\stdafx.obj
         MFCApplication7.vcxproj -> E:\My Studies\2nd Semester\Computer Programming\C++\After mid\Programming\MFCApplication7\Debug\MFCApplication7.exe
     1>Done Building Project "E:\My Studies\2nd Semester\Computer Programming\C++\After mid\Programming\MFCApplication7\MFCApplication7.vcxproj" (Build target(s)).

Build succeeded.

Time Elapsed 00:00:12.64
