Build started 04-Oct-16 1:42:48 PM.
     1>Project "E:\My Studies\2nd Semester\Computer Programming\C++\After mid\Programming\MFCApplication1\MFCApplication1.vcxproj" on node 2 (Build target(s)).
     1>ClCompile:
         E:\Zeeshan Develop\VS13\VC\bin\CL.exe /c /ZI /nologo /W3 /WX- /sdl /Od /Oy- /D WIN32 /D _WINDOWS /D _DEBUG /D _UNICODE /D UNICODE /D _AFXDLL /Gm /EHsc /RTC1 /MDd /GS /fp:precise /Zc:wchar_t /Zc:forScope /Yu"stdafx.h" /Fp"Debug\MFCApplication1.pch" /Fo"Debug\\" /Fd"Debug\vc120.pdb" /Gd /TP /analyze- /errorReport:prompt ChildFrm.cpp MFCApplication1.cpp MFCApplication1Doc.cpp MFCApplication1View.cpp MainFrm.cpp
         Skipping... (no relevant changes detected)
         MainFrm.cpp
         MFCApplication1View.cpp
         MFCApplication1Doc.cpp
         MFCApplication1.cpp
         ChildFrm.cpp
       ResourceCompile:
         C:\Program Files (x86)\Windows Kits\8.1\bin\x86\rc.exe /D _DEBUG /D _UNICODE /D UNICODE /D _AFXDLL /l"0x0409" /IDebug\ /nologo /fo"Debug\MFCApplication1.res" MFCApplication1.rc 
       Link:
         E:\Zeeshan Develop\VS13\VC\bin\link.exe /ERRORREPORT:PROMPT /OUT:"E:\My Studies\2nd Semester\Computer Programming\C++\After mid\Programming\MFCApplication1\Debug\MFCApplication1.exe" /INCREMENTAL /NOLOGO /MANIFEST /MANIFESTUAC:"level='asInvoker' uiAccess='false'" /manifest:embed /manifestinput:"E:\Zeeshan Develop\VS13\VC\Include\Manifest\dpiaware.manifest" /DEBUG /PDB:"E:\My Studies\2nd Semester\Computer Programming\C++\After mid\Programming\MFCApplication1\Debug\MFCApplication1.pdb" /SUBSYSTEM:WINDOWS /TLBID:1 /ENTRY:"wWinMainCRTStartup" /DYNAMICBASE /NXCOMPAT /IMPLIB:"E:\My Studies\2nd Semester\Computer Programming\C++\After mid\Programming\MFCApplication1\Debug\MFCApplication1.lib" /MACHINE:X86 Debug\MFCApplication1.res
         Debug\ChildFrm.obj
         Debug\MainFrm.obj
         Debug\MFCApplication1.obj
         Debug\MFCApplication1Doc.obj
         Debug\MFCApplication1View.obj
         Debug\stdafx.obj
         MFCApplication1.vcxproj -> E:\My Studies\2nd Semester\Computer Programming\C++\After mid\Programming\MFCApplication1\Debug\MFCApplication1.exe
     1>Done Building Project "E:\My Studies\2nd Semester\Computer Programming\C++\After mid\Programming\MFCApplication1\MFCApplication1.vcxproj" (Build target(s)).

Build succeeded.

Time Elapsed 00:00:00.65
