Build started 04-Oct-16 12:56:34 PM.
     1>Project "E:\My Studies\2nd Semester\Computer Programming\C++\After mid\Programming\MFCApplication2\MFCApplication2.vcxproj" on node 2 (Build target(s)).
     1>ClCompile:
         E:\Zeeshan Develop\VS13\VC\bin\CL.exe /c /ZI /nologo /W3 /WX- /sdl /Od /Oy- /D WIN32 /D _WINDOWS /D _DEBUG /D _UNICODE /D UNICODE /D _AFXDLL /Gm /EHsc /RTC1 /MDd /GS /fp:precise /Zc:wchar_t /Zc:forScope /Yc"stdafx.h" /Fp"Debug\MFCApplication2.pch" /Fo"Debug\\" /Fd"Debug\vc120.pdb" /Gd /TP /analyze- /errorReport:prompt stdafx.cpp
         stdafx.cpp
         E:\Zeeshan Develop\VS13\VC\bin\CL.exe /c /ZI /nologo /W3 /WX- /sdl /Od /Oy- /D WIN32 /D _WINDOWS /D _DEBUG /D _UNICODE /D UNICODE /D _AFXDLL /Gm /EHsc /RTC1 /MDd /GS /fp:precise /Zc:wchar_t /Zc:forScope /Yu"stdafx.h" /Fp"Debug\MFCApplication2.pch" /Fo"Debug\\" /Fd"Debug\vc120.pdb" /Gd /TP /analyze- /errorReport:prompt MainFrm.cpp MFCApplication2.cpp MFCApplication2Doc.cpp MFCApplication2View.cpp
         MFCApplication2View.cpp
         MFCApplication2Doc.cpp
         MFCApplication2.cpp
         MainFrm.cpp
         Generating Code...
       ResourceCompile:
         C:\Program Files (x86)\Windows Kits\8.1\bin\x86\rc.exe /D _DEBUG /D _UNICODE /D UNICODE /D _AFXDLL /l"0x0409" /IDebug\ /nologo /fo"Debug\MFCApplication2.res" MFCApplication2.rc 
       Link:
         E:\Zeeshan Develop\VS13\VC\bin\link.exe /ERRORREPORT:PROMPT /OUT:"E:\My Studies\2nd Semester\Computer Programming\C++\After mid\Programming\MFCApplication2\Debug\MFCApplication2.exe" /INCREMENTAL /NOLOGO /MANIFEST /MANIFESTUAC:"level='asInvoker' uiAccess='false'" /manifest:embed /manifestinput:"E:\Zeeshan Develop\VS13\VC\Include\Manifest\dpiaware.manifest" /DEBUG /PDB:"E:\My Studies\2nd Semester\Computer Programming\C++\After mid\Programming\MFCApplication2\Debug\MFCApplication2.pdb" /SUBSYSTEM:WINDOWS /TLBID:1 /ENTRY:"wWinMainCRTStartup" /DYNAMICBASE /NXCOMPAT /IMPLIB:"E:\My Studies\2nd Semester\Computer Programming\C++\After mid\Programming\MFCApplication2\Debug\MFCApplication2.lib" /MACHINE:X86 Debug\MFCApplication2.res
         Debug\MainFrm.obj
         Debug\MFCApplication2.obj
         Debug\MFCApplication2Doc.obj
         Debug\MFCApplication2View.obj
         Debug\stdafx.obj
         MFCApplication2.vcxproj -> E:\My Studies\2nd Semester\Computer Programming\C++\After mid\Programming\MFCApplication2\Debug\MFCApplication2.exe
     1>Done Building Project "E:\My Studies\2nd Semester\Computer Programming\C++\After mid\Programming\MFCApplication2\MFCApplication2.vcxproj" (Build target(s)).

Build succeeded.

Time Elapsed 00:00:17.21
